<?xml version="1.0" encoding="utf-8"?><testsuites><testsuite name="pytest" errors="0" failures="0" skipped="0" tests="1" time="0.105" timestamp="2025-05-19T15:03:59.281295+07:00" hostname="ntduckk"><testcase classname="tests.test_foo" name="test_foo" time="0.002" /></testsuite></testsuites>